# JRE version: Java(TM) SE Runtime Environment (7.0_55-b13) (build 1.7.0_55-b13)
# Java VM: Java HotSpot(TM) 64-Bit Server VM (24.55-b03 mixed mode windows-amd64 compressed oops)
Heap
 PSYoungGen      total 228864K, used 8211K [0x00000000eab00000, 0x00000000fa700000, 0x0000000100000000)
  eden space 206336K, 3% used [0x00000000eab00000,0x00000000eb304e88,0x00000000f7480000)
  from space 22528K, 0% used [0x00000000f7480000,0x00000000f7480000,0x00000000f8a80000)
  to   space 22016K, 0% used [0x00000000f9180000,0x00000000f9180000,0x00000000fa700000)
 ParOldGen       total 47616K, used 31703K [0x00000000c0200000, 0x00000000c3080000, 0x00000000eab00000)
  object space 47616K, 66% used [0x00000000c0200000,0x00000000c20f5d38,0x00000000c3080000)
 PSPermGen       total 36864K, used 18237K [0x00000000bb000000, 0x00000000bd400000, 0x00000000c0200000)
  object space 36864K, 49% used [0x00000000bb000000,0x00000000bc1cf4d8,0x00000000bd400000)
GC Heap History (10 events):
Event: 3.778 GC heap before
{Heap before GC invocations=8 (full 0):
 PSYoungGen      total 74752K, used 74752K [0x00000000eab00000, 0x00000000f4000000, 0x0000000100000000)
  eden space 67584K, 100% used [0x00000000eab00000,0x00000000eed00000,0x00000000eed00000)
  from space 7168K, 100% used [0x00000000eed00000,0x00000000ef400000,0x00000000ef400000)
  to   space 8704K, 0% used [0x00000000f3780000,0x00000000f3780000,0x00000000f4000000)
 ParOldGen       total 43520K, used 9263K [0x00000000c0200000, 0x00000000c2c80000, 0x00000000eab00000)
  object space 43520K, 21% used [0x00000000c0200000,0x00000000c0b0be60,0x00000000c2c80000)
 PSPermGen       total 21504K, used 12482K [0x00000000bb000000, 0x00000000bc500000, 0x00000000c0200000)
  object space 21504K, 58% used [0x00000000bb000000,0x00000000bbc30818,0x00000000bc500000)
Event: 3.792 GC heap after
Heap after GC invocations=8 (full 0):
 PSYoungGen      total 142336K, used 8704K [0x00000000eab00000, 0x00000000f4300000, 0x0000000100000000)
  eden space 133632K, 0% used [0x00000000eab00000,0x00000000eab00000,0x00000000f2d80000)
  from space 8704K, 100% used [0x00000000f3780000,0x00000000f4000000,0x00000000f4000000)
  to   space 10240K, 0% used [0x00000000f2d80000,0x00000000f2d80000,0x00000000f3780000)
 ParOldGen       total 43520K, used 10685K [0x00000000c0200000, 0x00000000c2c80000, 0x00000000eab00000)
  object space 43520K, 24% used [0x00000000c0200000,0x00000000c0c6f680,0x00000000c2c80000)
 PSPermGen       total 21504K, used 12482K [0x00000000bb000000, 0x00000000bc500000, 0x00000000c0200000)
  object space 21504K, 58% used [0x00000000bb000000,0x00000000bbc30818,0x00000000bc500000)
}
Event: 5.562 GC heap before
{Heap before GC invocations=9 (full 0):
 PSYoungGen      total 142336K, used 142336K [0x00000000eab00000, 0x00000000f4300000, 0x0000000100000000)
  eden space 133632K, 100% used [0x00000000eab00000,0x00000000f2d80000,0x00000000f2d80000)
  from space 8704K, 100% used [0x00000000f3780000,0x00000000f4000000,0x00000000f4000000)
  to   space 10240K, 0% used [0x00000000f2d80000,0x00000000f2d80000,0x00000000f3780000)
 ParOldGen       total 43520K, used 10685K [0x00000000c0200000, 0x00000000c2c80000, 0x00000000eab00000)
  object space 43520K, 24% used [0x00000000c0200000,0x00000000c0c6f680,0x00000000c2c80000)
 PSPermGen       total 21504K, used 16704K [0x00000000bb000000, 0x00000000bc500000, 0x00000000c0200000)
  object space 21504K, 77% used [0x00000000bb000000,0x00000000bc0500a0,0x00000000bc500000)
Event: 5.581 GC heap after
Heap after GC invocations=9 (full 0):
 PSYoungGen      total 143872K, used 10234K [0x00000000eab00000, 0x00000000f9900000, 0x0000000100000000)
  eden space 133632K, 0% used [0x00000000eab00000,0x00000000eab00000,0x00000000f2d80000)
  from space 10240K, 99% used [0x00000000f2d80000,0x00000000f377eba0,0x00000000f3780000)
  to   space 14848K, 0% used [0x00000000f8a80000,0x00000000f8a80000,0x00000000f9900000)
 ParOldGen       total 43520K, used 18450K [0x00000000c0200000, 0x00000000c2c80000, 0x00000000eab00000)
  object space 43520K, 42% used [0x00000000c0200000,0x00000000c1404998,0x00000000c2c80000)
 PSPermGen       total 21504K, used 16704K [0x00000000bb000000, 0x00000000bc500000, 0x00000000c0200000)
  object space 21504K, 77% used [0x00000000bb000000,0x00000000bc0500a0,0x00000000bc500000)
}
Event: 6.724 GC heap before
{Heap before GC invocations=10 (full 0):
 PSYoungGen      total 143872K, used 143866K [0x00000000eab00000, 0x00000000f9900000, 0x0000000100000000)
  eden space 133632K, 100% used [0x00000000eab00000,0x00000000f2d80000,0x00000000f2d80000)
  from space 10240K, 99% used [0x00000000f2d80000,0x00000000f377eba0,0x00000000f3780000)
  to   space 14848K, 0% used [0x00000000f8a80000,0x00000000f8a80000,0x00000000f9900000)
 ParOldGen       total 43520K, used 18450K [0x00000000c0200000, 0x00000000c2c80000, 0x00000000eab00000)
  object space 43520K, 42% used [0x00000000c0200000,0x00000000c1404998,0x00000000c2c80000)
 PSPermGen       total 21504K, used 17681K [0x00000000bb000000, 0x00000000bc500000, 0x00000000c0200000)
  object space 21504K, 82% used [0x00000000bb000000,0x00000000bc1447c8,0x00000000bc500000)
Event: 6.776 GC heap after
Heap after GC invocations=10 (full 0):
 PSYoungGen      total 221184K, used 14840K [0x00000000eab00000, 0x00000000fa800000, 0x0000000100000000)
  eden space 206336K, 0% used [0x00000000eab00000,0x00000000eab00000,0x00000000f7480000)
  from space 14848K, 99% used [0x00000000f8a80000,0x00000000f98fe0c0,0x00000000f9900000)
  to   space 22528K, 0% used [0x00000000f7480000,0x00000000f7480000,0x00000000f8a80000)
 ParOldGen       total 43520K, used 32541K [0x00000000c0200000, 0x00000000c2c80000, 0x00000000eab00000)
  object space 43520K, 74% used [0x00000000c0200000,0x00000000c21c7408,0x00000000c2c80000)
 PSPermGen       total 21504K, used 17681K [0x00000000bb000000, 0x00000000bc500000, 0x00000000c0200000)
  object space 21504K, 82% used [0x00000000bb000000,0x00000000bc1447c8,0x00000000bc500000)
}
Event: 171.640 GC heap before
{Heap before GC invocations=11 (full 0):
 PSYoungGen      total 221184K, used 47605K [0x00000000eab00000, 0x00000000fa800000, 0x0000000100000000)
  eden space 206336K, 15% used [0x00000000eab00000,0x00000000ecaff6d8,0x00000000f7480000)
  from space 14848K, 99% used [0x00000000f8a80000,0x00000000f98fe0c0,0x00000000f9900000)
  to   space 22528K, 0% used [0x00000000f7480000,0x00000000f7480000,0x00000000f8a80000)
 ParOldGen       total 43520K, used 32541K [0x00000000c0200000, 0x00000000c2c80000, 0x00000000eab00000)
  object space 43520K, 74% used [0x00000000c0200000,0x00000000c21c7408,0x00000000c2c80000)
 PSPermGen       total 21504K, used 18251K [0x00000000bb000000, 0x00000000bc500000, 0x00000000c0200000)
  object space 21504K, 84% used [0x00000000bb000000,0x00000000bc1d2fb0,0x00000000bc500000)
Event: 171.682 GC heap after
Heap after GC invocations=11 (full 0):
 PSYoungGen      total 228864K, used 3168K [0x00000000eab00000, 0x00000000fa700000, 0x0000000100000000)
  eden space 206336K, 0% used [0x00000000eab00000,0x00000000eab00000,0x00000000f7480000)
  from space 22528K, 14% used [0x00000000f7480000,0x00000000f77981f0,0x00000000f8a80000)
  to   space 22016K, 0% used [0x00000000f9180000,0x00000000f9180000,0x00000000fa700000)
 ParOldGen       total 47616K, used 47251K [0x00000000c0200000, 0x00000000c3080000, 0x00000000eab00000)
  object space 47616K, 99% used [0x00000000c0200000,0x00000000c3024fd8,0x00000000c3080000)
 PSPermGen       total 21504K, used 18251K [0x00000000bb000000, 0x00000000bc500000, 0x00000000c0200000)
  object space 21504K, 84% used [0x00000000bb000000,0x00000000bc1d2fb0,0x00000000bc500000)
}
Event: 171.682 GC heap before
{Heap before GC invocations=12 (full 1):
 PSYoungGen      total 228864K, used 3168K [0x00000000eab00000, 0x00000000fa700000, 0x0000000100000000)
  eden space 206336K, 0% used [0x00000000eab00000,0x00000000eab00000,0x00000000f7480000)
  from space 22528K, 14% used [0x00000000f7480000,0x00000000f77981f0,0x00000000f8a80000)
  to   space 22016K, 0% used [0x00000000f9180000,0x00000000f9180000,0x00000000fa700000)
 ParOldGen       total 47616K, used 47251K [0x00000000c0200000, 0x00000000c3080000, 0x00000000eab00000)
  object space 47616K, 99% used [0x00000000c0200000,0x00000000c3024fd8,0x00000000c3080000)
 PSPermGen       total 21504K, used 18251K [0x00000000bb000000, 0x00000000bc500000, 0x00000000c0200000)
  object space 21504K, 84% used [0x00000000bb000000,0x00000000bc1d2fb0,0x00000000bc500000)
Event: 171.879 GC heap after
Heap after GC invocations=12 (full 1):
 PSYoungGen      total 228864K, used 0K [0x00000000eab00000, 0x00000000fa700000, 0x0000000100000000)
  eden space 206336K, 0% used [0x00000000eab00000,0x00000000eab00000,0x00000000f7480000)
  from space 22528K, 0% used [0x00000000f7480000,0x00000000f7480000,0x00000000f8a80000)
  to   space 22016K, 0% used [0x00000000f9180000,0x00000000f9180000,0x00000000fa700000)
 ParOldGen       total 47616K, used 31703K [0x00000000c0200000, 0x00000000c3080000, 0x00000000eab00000)
  object space 47616K, 66% used [0x00000000c0200000,0x00000000c20f5d38,0x00000000c3080000)
 PSPermGen       total 36864K, used 18237K [0x00000000bb000000, 0x00000000bd400000, 0x00000000c0200000)
  object space 36864K, 49% used [0x00000000bb000000,0x00000000bc1cf4d8,0x00000000bd400000)
}

